<?xml version="1.0" encoding="UTF-8"?>
<testng-results skipped="0" failed="0" ignored="0" total="1" passed="1">
  <reporter-output>
  </reporter-output>
  <suite name="Suite" duration-ms="25605" started-at="2019-04-08T13:07:03Z" finished-at="2019-04-08T13:07:28Z">
    <groups>
    </groups>
    <test name="Test" duration-ms="25605" started-at="2019-04-08T13:07:03Z" finished-at="2019-04-08T13:07:28Z">
      <class name="createlead.CreateLead">
        <test-method status="PASS" signature="startApp()[pri:0, instance:createlead.CreateLead@1deb50e]" name="startApp" is-config="true" duration-ms="12541" started-at="2019-04-08T13:07:03Z" finished-at="2019-04-08T13:07:15Z">
          <reporter-output>
          </reporter-output>
        </test-method> <!-- startApp -->
        <test-method status="PASS" signature="cLead1()[pri:0, instance:createlead.CreateLead@1deb50e]" name="cLead1" duration-ms="10684" started-at="2019-04-08T13:07:15Z" finished-at="2019-04-08T13:07:26Z">
          <reporter-output>
          </reporter-output>
        </test-method> <!-- cLead1 -->
        <test-method status="PASS" signature="closeApp()[pri:0, instance:createlead.CreateLead@1deb50e]" name="closeApp" is-config="true" duration-ms="2341" started-at="2019-04-08T13:07:26Z" finished-at="2019-04-08T13:07:28Z">
          <reporter-output>
          </reporter-output>
        </test-method> <!-- closeApp -->
      </class> <!-- createlead.CreateLead -->
    </test> <!-- Test -->
  </suite> <!-- Suite -->
</testng-results>
